<?xml version="1.0" encoding="UTF-8"?>
<!-- Generated by org.testng.reporters.JUnitXMLReporter -->
<testsuite ignored="2" hostname="Savitri" failures="0" tests="1" name="Default test" time="3.566" errors="0" timestamp="2024-04-18T17:04:03 IST">
  <testcase classname="TestClass.HomePageTest" name="testHomePageTitle" time="0.036"/>
  <testcase classname="TestClass.HomePageTest" name="testDestOfTheWeekHyperLink" time="0.0">
    <ignored/>
  </testcase> <!-- testDestOfTheWeekHyperLink -->
  <testcase classname="TestClass.HomePageTest" name="testFindFlightTickets" time="0.0">
    <ignored/>
  </testcase> <!-- testFindFlightTickets -->
</testsuite> <!-- Default test -->
