<?xml version="1.0" encoding="UTF-8"?>
<!-- Generated by org.testng.reporters.JUnitXMLReporter -->
<testsuite ignored="0" hostname="Savitri" failures="0" tests="6" name="Test" time="26.813" errors="0" timestamp="2024-04-18T16:39:58 IST">
  <testcase classname="TestClass.PurchaseFlightTest" name="testPurchageFlight" time="3.861"/>
  <testcase classname="TestClass.PurchaseFlightTest" name="testTotalCostFormat" time="1.799"/>
  <testcase classname="TestClass.HomePageTest" name="testHomePageTitle" time="0.029"/>
  <testcase classname="TestClass.HomePageTest" name="testDestOfTheWeekHyperLink" time="1.384"/>
  <testcase classname="TestClass.HomePageTest" name="testFindFlightTickets" time="0.879"/>
  <testcase classname="TestClass.ReservationPageTest" name="testFindLowestPriceFlight" time="2.318"/>
</testsuite> <!-- Test -->
