<?xml version="1.0" encoding="UTF-8"?>
<testng-results ignored="0" total="1" passed="1" failed="0" skipped="0">
  <reporter-output>
  </reporter-output>
  <suite started-at="2024-04-18T17:03:59 IST" name="Default suite" finished-at="2024-04-18T17:04:03 IST" duration-ms="3566">
    <groups>
    </groups>
    <test started-at="2024-04-18T17:03:59 IST" name="Default test" finished-at="2024-04-18T17:04:03 IST" duration-ms="3566">
      <class name="TestClass.HomePageTest">
        <test-method is-config="true" signature="setUp()[pri:0, instance:TestClass.HomePageTest@5aa9e4eb]" started-at="2024-04-18T17:03:59 IST" name="setUp" finished-at="2024-04-18T17:04:03 IST" duration-ms="3392" status="PASS">
          <reporter-output>
          </reporter-output>
        </test-method> <!-- setUp -->
        <test-method signature="testHomePageTitle()[pri:1, instance:TestClass.HomePageTest@5aa9e4eb]" started-at="2024-04-18T17:04:03 IST" name="testHomePageTitle" finished-at="2024-04-18T17:04:03 IST" duration-ms="36" status="PASS">
          <reporter-output>
          </reporter-output>
        </test-method> <!-- testHomePageTitle -->
        <test-method is-config="true" signature="tearDown()[pri:0, instance:TestClass.HomePageTest@5aa9e4eb]" started-at="2024-04-18T17:04:03 IST" name="tearDown" finished-at="2024-04-18T17:04:03 IST" duration-ms="93" status="PASS">
          <reporter-output>
          </reporter-output>
        </test-method> <!-- tearDown -->
      </class> <!-- TestClass.HomePageTest -->
    </test> <!-- Default test -->
  </suite> <!-- Default suite -->
</testng-results>
